21:46:51 INFO  : Processing command line option -hwspec /home/clvrpny/ecen449/lab02/lab02.sdk/led_sw_wrapper.hdf.
21:46:56 INFO  : Launching XSDB server: xsdb -n -s /home/clvrpny/xilinx/SDK/2015.2/scripts/xsdb/xsdb/xsdb-server.tcl
21:46:58 INFO  : XSDB server has started successfully.
22:00:21 INFO  : Launching XSDB server: xsdb -n -s /home/clvrpny/xilinx/SDK/2015.2/scripts/xsdb/xsdb/xsdb-server.tcl
22:00:22 INFO  : XSDB server has started successfully.
22:00:22 INFO  : Processing command line option -hwspec /home/clvrpny/ecen449/lab02/lab02.sdk/led_sw_wrapper.hdf.
22:00:24 INFO  : Checking for hwspec changes in the project led_sw_wrapper_hw_platform_0.
22:04:51 INFO  : Launching XSDB server: xsdb -n -s /home/clvrpny/xilinx/SDK/2015.2/scripts/xsdb/xsdb/xsdb-server.tcl
22:04:52 INFO  : XSDB server has started successfully.
22:04:54 INFO  : Processing command line option -hwspec /home/clvrpny/ecen449/lab02/lab02.sdk/led_sw_wrapper.hdf.
22:04:55 INFO  : Checking for hwspec changes in the project led_sw_wrapper_hw_platform_0.
22:05:32 INFO  : Connected to target on host '127.0.0.1' and port '3121'.
22:05:32 INFO  : 'targets -set -filter {jtag_cable_name =~ "Digilent Zybo Z7 210351A780C4A" && level==0} -index 1' command is executed.
22:05:33 INFO  : FPGA configured successfully with bitstream "/home/clvrpny/ecen449/lab02/lab02.sdk/led_sw_wrapper_hw_platform_0/download.bit"
22:06:12 ERROR :  [Hsi 55-1546] Processor Instance ps7_cortexa9_0 doesn't exist in Xml/HwDb
22:07:10 ERROR : Unexpected error while launching program.
java.lang.RuntimeException: Error in Resetting Target
MicroBlaze is not being clocked. Check if the Clock input to MicroBlaze and its Bus Interfaces are connected properly
    

	at com.xilinx.sdk.targetmanager.internal.TM.doProcessorReset(TM.java:995)
	at com.xilinx.sdk.debug.core.XilinxAppLaunchConfigurationDelegate.runTargetSetup(XilinxAppLaunchConfigurationDelegate.java:506)
	at com.xilinx.sdk.debug.core.XilinxAppLaunchConfigurationDelegate.runApplication(XilinxAppLaunchConfigurationDelegate.java:588)
	at com.xilinx.sdk.debug.core.XilinxAppLaunchConfigurationDelegate.launch(XilinxAppLaunchConfigurationDelegate.java:296)
	at com.xilinx.sdk.debug.ui.XilinxAppLaunchDelegateWrapper.launch(XilinxAppLaunchDelegateWrapper.java:31)
	at org.eclipse.debug.internal.core.LaunchConfiguration.launch(LaunchConfiguration.java:858)
	at org.eclipse.debug.internal.core.LaunchConfiguration.launch(LaunchConfiguration.java:707)
	at org.eclipse.debug.internal.ui.DebugUIPlugin.buildAndLaunch(DebugUIPlugin.java:1018)
	at org.eclipse.debug.internal.ui.DebugUIPlugin$8.run(DebugUIPlugin.java:1222)
	at org.eclipse.core.internal.jobs.Worker.run(Worker.java:53)
13:09:34 INFO  : SDK has detected change in the last modified timestamps for source hardware specification file Source:1580324959000,  Project:1580269295000
13:09:34 INFO  : Project led_sw_wrapper_hw_platform_0's source hardware specification located at /home/clvrpny/ecen449/lab02/lab02.sdk/led_sw_wrapper.hdf is now different from the local copy.
		 The local copy will be replaced with the source specification and your workspace will be updated.
15:42:43 INFO  : Launching XSDB server: xsdb -n -s /home/clvrpny/xilinx/SDK/2015.2/scripts/xsdb/xsdb/xsdb-server.tcl
15:42:47 INFO  : XSDB server has started successfully.
15:42:50 INFO  : Processing command line option -hwspec /home/clvrpny/ecen449/lab02/lab02.sdk/led_sw_wrapper.hdf.
15:42:51 INFO  : Checking for hwspec changes in the project led_sw_wrapper_hw_platform_0.
15:42:51 INFO  : SDK has detected change in the last modified timestamps for source hardware specification file Source:1580420521000,  Project:1580269295000
15:42:51 INFO  : The hardware specification for project 'led_sw_wrapper_hw_platform_0' is different from /home/clvrpny/ecen449/lab02/lab02.sdk/led_sw_wrapper.hdf.
15:42:51 INFO  : Copied contents of /home/clvrpny/ecen449/lab02/lab02.sdk/led_sw_wrapper.hdf into /led_sw_wrapper_hw_platform_0/system.hdf.
15:42:51 INFO  : Synchronizing projects in the workspace with the hardware platform specification changes.
15:42:52 INFO  : 
15:42:53 INFO  : Updating hardware inferred compiler options for counter_sw.
15:42:53 INFO  : Clearing existing target manager status.
15:42:56 INFO  : Closing and re-opening the MSS file of ther project counter_sw_bsp
15:42:57 INFO  : Workspace synchronized with the new hardware specification file. Cleaning dependent projects...
15:42:57 WARN  : Linker script will not be updated automatically. Users need to update it manually.
15:44:11 ERROR :  [Hsi 55-1546] Processor Instance ps7_cortexa9_0 doesn't exist in Xml/HwDb
15:45:04 INFO  : Connected to target on host '127.0.0.1' and port '3121'.
15:45:04 INFO  : 'targets -set -filter {jtag_cable_name =~ "Digilent Zybo Z7 210351A780B6A" && level==0} -index 1' command is executed.
15:45:06 INFO  : FPGA configured successfully with bitstream "/home/clvrpny/ecen449/lab02/lab02.sdk/led_sw_wrapper_hw_platform_0/download.bit"
15:45:23 INFO  : Processor reset is completed for microblaze_0
15:54:41 INFO  : SDK has detected change in the last modified timestamps for source hardware specification file Source:1580421263000,  Project:1580420521000
15:54:41 INFO  : Project led_sw_wrapper_hw_platform_0's source hardware specification located at /home/clvrpny/ecen449/lab02/lab02.sdk/led_sw_wrapper.hdf is now different from the local copy.
		 The local copy will be replaced with the source specification and your workspace will be updated.
15:54:48 INFO  : Copied contents of /home/clvrpny/ecen449/lab02/lab02.sdk/led_sw_wrapper.hdf into /led_sw_wrapper_hw_platform_0/system.hdf.
15:54:49 INFO  : Synchronizing projects in the workspace with the hardware platform specification changes.
15:54:49 INFO  : 
15:54:50 INFO  : Updating hardware inferred compiler options for counter_sw.
15:54:50 INFO  : Clearing existing target manager status.
15:54:50 INFO  : Closing and re-opening the MSS file of ther project counter_sw_bsp
15:54:50 INFO  : Workspace synchronized with the new hardware specification file. Cleaning dependent projects...
15:54:51 WARN  : Linker script will not be updated automatically. Users need to update it manually.
15:55:06 INFO  : Connected to target on host '127.0.0.1' and port '3121'.
15:55:06 INFO  : 'targets -set -filter {jtag_cable_name =~ "Digilent Zybo Z7 210351A780B6A" && level==0} -index 1' command is executed.
15:55:08 INFO  : FPGA configured successfully with bitstream "/home/clvrpny/ecen449/lab02/lab02.sdk/led_sw_wrapper_hw_platform_0/download.bit"
15:55:12 ERROR :  [Hsi 55-1546] Processor Instance ps7_cortexa9_0 doesn't exist in Xml/HwDb
15:55:15 INFO  : Processor reset is completed for microblaze_0
15:55:15 ERROR : Unexpected error while launching program.
java.lang.RuntimeException: Cannot perform the Debug Command, Current Processor State is "Running"

	at com.xilinx.sdk.targetmanager.internal.TM.downloadELF(TM.java:670)
	at com.xilinx.sdk.debug.core.internal.AppRunner.run(AppRunner.java:129)
	at com.xilinx.sdk.debug.core.XilinxAppLaunchConfigurationDelegate.runApplication(XilinxAppLaunchConfigurationDelegate.java:609)
	at com.xilinx.sdk.debug.core.XilinxAppLaunchConfigurationDelegate.launch(XilinxAppLaunchConfigurationDelegate.java:296)
	at com.xilinx.sdk.debug.ui.XilinxAppLaunchDelegateWrapper.launch(XilinxAppLaunchDelegateWrapper.java:31)
	at org.eclipse.debug.internal.core.LaunchConfiguration.launch(LaunchConfiguration.java:858)
	at org.eclipse.debug.internal.core.LaunchConfiguration.launch(LaunchConfiguration.java:707)
	at org.eclipse.debug.internal.ui.DebugUIPlugin.buildAndLaunch(DebugUIPlugin.java:1018)
	at org.eclipse.debug.internal.ui.DebugUIPlugin$8.run(DebugUIPlugin.java:1222)
	at org.eclipse.core.internal.jobs.Worker.run(Worker.java:53)
15:56:05 INFO  : Connected to target on host '127.0.0.1' and port '3121'.
15:56:06 INFO  : 'targets -set -filter {jtag_cable_name =~ "Digilent Zybo Z7 210351A780B6A" && level==0} -index 1' command is executed.
15:56:07 INFO  : FPGA configured successfully with bitstream "/home/clvrpny/ecen449/lab02/lab02.sdk/led_sw_wrapper_hw_platform_0/download.bit"
15:56:40 ERROR : Unexpected error while parsing XMD response ￿: com.google.gson.JsonSyntaxException: com.google.gson.stream.MalformedJsonException: invalid number or unquoted string near 
15:56:50 INFO  : Launching XSDB server: xsdb -n -s /home/clvrpny/xilinx/SDK/2015.2/scripts/xsdb/xsdb/xsdb-server.tcl
15:56:52 INFO  : XSDB server has started successfully.
15:56:53 INFO  : Processing command line option -hwspec /home/clvrpny/ecen449/lab02/lab02.sdk/led_sw_wrapper.hdf.
15:56:54 INFO  : Checking for hwspec changes in the project led_sw_wrapper_hw_platform_0.
15:56:59 ERROR :  [Hsi 55-1546] Processor Instance ps7_cortexa9_0 doesn't exist in Xml/HwDb
15:57:04 INFO  : Processor reset is completed for microblaze_0
18:14:27 INFO  : Launching XSDB server: xsdb -n -s /home/clvrpny/xilinx/SDK/2015.2/scripts/xsdb/xsdb/xsdb-server.tcl
18:14:30 INFO  : XSDB server has started successfully.
18:14:35 INFO  : Processing command line option -hwspec /home/clvrpny/ecen449/lab02/lab02.sdk/led_sw_wrapper.hdf.
18:14:36 INFO  : Checking for hwspec changes in the project led_sw_wrapper_hw_platform_0.
10:45:14 INFO  : Launching XSDB server: xsdb -n -s /home/clvrpny/xilinx/SDK/2015.2/scripts/xsdb/xsdb/xsdb-server.tcl
10:45:15 INFO  : XSDB server has started successfully.
10:45:16 INFO  : Processing command line option -hwspec /home/clvrpny/ecen449/lab02/lab02.sdk/led_sw_wrapper.hdf.
10:45:17 INFO  : Checking for hwspec changes in the project led_sw_wrapper_hw_platform_0.
10:45:17 INFO  : SDK has detected change in the last modified timestamps for source hardware specification file Source:1580431288000,  Project:1580421263000
10:45:17 INFO  : The hardware specification for project 'led_sw_wrapper_hw_platform_0' is different from /home/clvrpny/ecen449/lab02/lab02.sdk/led_sw_wrapper.hdf.
10:45:17 INFO  : Copied contents of /home/clvrpny/ecen449/lab02/lab02.sdk/led_sw_wrapper.hdf into /led_sw_wrapper_hw_platform_0/system.hdf.
10:45:18 INFO  : Synchronizing projects in the workspace with the hardware platform specification changes.
10:45:18 INFO  : 
10:45:19 INFO  : Updating hardware inferred compiler options for counter_sw.
10:45:20 INFO  : Clearing existing target manager status.
10:50:34 ERROR : Unexpected error while parsing XMD response ￿: com.google.gson.JsonSyntaxException: com.google.gson.stream.MalformedJsonException: invalid number or unquoted string near 
10:57:21 INFO  : Launching XSDB server: xsdb -n -s /home/clvrpny/xilinx/SDK/2015.2/scripts/xsdb/xsdb/xsdb-server.tcl
10:57:22 INFO  : XSDB server has started successfully.
10:57:22 INFO  : Processing command line option -hwspec /home/clvrpny/ecen449/lab02/lab02.sdk/led_sw_wrapper.hdf.
10:57:24 INFO  : Checking for hwspec changes in the project led_sw_wrapper_hw_platform_0.
10:57:24 INFO  : SDK has detected change in the last modified timestamps for source hardware specification file Source:1580748816000,  Project:1580431288000
10:57:24 INFO  : The hardware specification for project 'led_sw_wrapper_hw_platform_0' is different from /home/clvrpny/ecen449/lab02/lab02.sdk/led_sw_wrapper.hdf.
10:57:24 INFO  : Copied contents of /home/clvrpny/ecen449/lab02/lab02.sdk/led_sw_wrapper.hdf into /led_sw_wrapper_hw_platform_0/system.hdf.
10:57:24 INFO  : Synchronizing projects in the workspace with the hardware platform specification changes.
10:57:25 INFO  : 
10:57:26 INFO  : Updating hardware inferred compiler options for counter_sw.
10:57:26 INFO  : Clearing existing target manager status.
10:59:18 ERROR : Unexpected error while parsing XMD response ￿: com.google.gson.JsonSyntaxException: com.google.gson.stream.MalformedJsonException: invalid number or unquoted string near 
11:07:29 INFO  : Launching XSDB server: xsdb -n -s /home/clvrpny/xilinx/SDK/2015.2/scripts/xsdb/xsdb/xsdb-server.tcl
11:07:30 INFO  : XSDB server has started successfully.
11:07:31 INFO  : Processing command line option -hwspec /home/clvrpny/ecen449/lab02/lab02.sdk/led_sw_wrapper.hdf.
11:07:33 INFO  : Checking for hwspec changes in the project led_sw_wrapper_hw_platform_0.
11:07:33 INFO  : SDK has detected change in the last modified timestamps for source hardware specification file Source:1580749599000,  Project:1580748816000
11:07:33 INFO  : The hardware specification for project 'led_sw_wrapper_hw_platform_0' is different from /home/clvrpny/ecen449/lab02/lab02.sdk/led_sw_wrapper.hdf.
11:07:34 INFO  : Copied contents of /home/clvrpny/ecen449/lab02/lab02.sdk/led_sw_wrapper.hdf into /led_sw_wrapper_hw_platform_0/system.hdf.
11:07:34 INFO  : Synchronizing projects in the workspace with the hardware platform specification changes.
11:07:35 INFO  : 
11:07:36 INFO  : Updating hardware inferred compiler options for counter_sw.
11:07:36 INFO  : Clearing existing target manager status.
19:32:34 ERROR : Unexpected error while parsing XMD response ￿: com.google.gson.JsonSyntaxException: com.google.gson.stream.MalformedJsonException: invalid number or unquoted string near 
19:33:13 INFO  : Launching XSDB server: xsdb -n -s /home/clvrpny/xilinx/SDK/2015.2/scripts/xsdb/xsdb/xsdb-server.tcl
19:33:14 INFO  : XSDB server has started successfully.
19:33:15 INFO  : Processing command line option -hwspec /home/clvrpny/ecen449/lab02/lab02.sdk/led_sw_wrapper.hdf.
19:33:17 INFO  : Checking for hwspec changes in the project led_sw_wrapper_hw_platform_0.
19:33:23 ERROR :  [Hsi 55-1546] Processor Instance ps7_cortexa9_0 doesn't exist in Xml/HwDb
19:33:35 INFO  : Device 'Digilent Zybo Z7 210351A780B6A/2-xc7z010' not found in the selected target configuration 'Local'
19:33:48 INFO  : Connected to target on host '127.0.0.1' and port '3121'.
19:33:48 INFO  : 'targets -set -filter {jtag_cable_name =~ "Digilent Zybo Z7 210351AD6988A" && level==0} -index 1' command is executed.
19:33:49 ERROR : bitstream is not compatible with the target
19:34:27 INFO  : Connected to target on host '127.0.0.1' and port '3121'.
19:34:27 INFO  : 'targets -set -filter {jtag_cable_name =~ "Digilent Zybo Z7 210351A780C4A" && level==0} -index 1' command is executed.
19:34:28 INFO  : FPGA configured successfully with bitstream "/home/clvrpny/ecen449/lab02/lab02.sdk/led_sw_wrapper_hw_platform_0/download.bit"
19:34:46 ERROR : Unexpected error while launching program.
java.lang.RuntimeException: Project counter_sw does not exist. Please check that your launch configuration specifies a valid project in your workspace.
	at com.xilinx.sdk.debug.core.XilinxAppLaunchConfigurationDelegate.runApplication(XilinxAppLaunchConfigurationDelegate.java:552)
	at com.xilinx.sdk.debug.core.XilinxAppLaunchConfigurationDelegate.launch(XilinxAppLaunchConfigurationDelegate.java:296)
	at com.xilinx.sdk.debug.ui.XilinxAppLaunchDelegateWrapper.launch(XilinxAppLaunchDelegateWrapper.java:31)
	at org.eclipse.debug.internal.core.LaunchConfiguration.launch(LaunchConfiguration.java:858)
	at org.eclipse.debug.internal.core.LaunchConfiguration.launch(LaunchConfiguration.java:707)
	at org.eclipse.debug.internal.ui.DebugUIPlugin.buildAndLaunch(DebugUIPlugin.java:1018)
	at org.eclipse.debug.internal.ui.DebugUIPlugin$8.run(DebugUIPlugin.java:1222)
	at org.eclipse.core.internal.jobs.Worker.run(Worker.java:53)
19:35:06 INFO  : Processor reset is completed for microblaze_0
19:38:38 INFO  : microblaze_0 Processor is in use. Please stop existing Run or Debug sessions before launching.
19:39:39 INFO  : FPGA Cable Disconnected. All active launches will be terminated.
19:40:31 ERROR : Unexpected error while launching program.
java.lang.NullPointerException
	at com.xilinx.sdk.targetmanager.internal.TM.terminateCurrentLaunch(TM.java:803)
	at com.xilinx.sdk.debug.core.XilinxAppLaunchConfigurationDelegate.runApplication(XilinxAppLaunchConfigurationDelegate.java:568)
	at com.xilinx.sdk.debug.core.XilinxAppLaunchConfigurationDelegate.launch(XilinxAppLaunchConfigurationDelegate.java:296)
	at com.xilinx.sdk.debug.ui.XilinxAppLaunchDelegateWrapper.launch(XilinxAppLaunchDelegateWrapper.java:31)
	at org.eclipse.debug.internal.core.LaunchConfiguration.launch(LaunchConfiguration.java:858)
	at org.eclipse.debug.internal.core.LaunchConfiguration.launch(LaunchConfiguration.java:707)
	at org.eclipse.debug.internal.ui.DebugUIPlugin.buildAndLaunch(DebugUIPlugin.java:1018)
	at org.eclipse.debug.internal.ui.DebugUIPlugin$8.run(DebugUIPlugin.java:1222)
	at org.eclipse.core.internal.jobs.Worker.run(Worker.java:53)
19:40:58 INFO  : Connected to target on host '127.0.0.1' and port '3121'.
19:40:58 INFO  : 'targets -set -filter {jtag_cable_name =~ "Digilent Zybo Z7 210351A780C4A" && level==0} -index 1' command is executed.
19:40:59 INFO  : FPGA configured successfully with bitstream "/home/clvrpny/ecen449/lab02/lab02.sdk/led_sw_wrapper_hw_platform_0/download.bit"
19:41:05 INFO  : Processor reset is completed for microblaze_0
19:42:16 ERROR : Unexpected error while parsing XMD response ￿: com.google.gson.JsonSyntaxException: com.google.gson.stream.MalformedJsonException: invalid number or unquoted string near 
19:46:08 INFO  : Launching XSDB server: xsdb -n -s /home/clvrpny/xilinx/SDK/2015.2/scripts/xsdb/xsdb/xsdb-server.tcl
19:46:09 INFO  : XSDB server has started successfully.
19:46:10 INFO  : Processing command line option -hwspec /home/clvrpny/ecen449/lab02/lab02.sdk/led_sw_wrapper.hdf.
19:46:11 INFO  : Checking for hwspec changes in the project led_sw_wrapper_hw_platform_0.
19:46:11 INFO  : SDK has detected change in the last modified timestamps for source hardware specification file Source:1580780747000,  Project:1580749599000
19:46:11 INFO  : The hardware specification for project 'led_sw_wrapper_hw_platform_0' is different from /home/clvrpny/ecen449/lab02/lab02.sdk/led_sw_wrapper.hdf.
19:46:11 INFO  : Copied contents of /home/clvrpny/ecen449/lab02/lab02.sdk/led_sw_wrapper.hdf into /led_sw_wrapper_hw_platform_0/system.hdf.
19:46:12 INFO  : Synchronizing projects in the workspace with the hardware platform specification changes.
19:46:12 INFO  : 
19:46:13 INFO  : 
19:46:14 INFO  : Updating hardware inferred compiler options for part2.
19:46:14 INFO  : Clearing existing target manager status.
19:46:42 INFO  : Connected to target on host '127.0.0.1' and port '3121'.
19:46:42 INFO  : 'targets -set -filter {jtag_cable_name =~ "Digilent Zybo Z7 210351A780C4A" && level==0} -index 1' command is executed.
19:46:44 INFO  : FPGA configured successfully with bitstream "/home/clvrpny/ecen449/lab02/lab02.sdk/led_sw_wrapper_hw_platform_0/download.bit"
19:46:49 ERROR :  [Hsi 55-1546] Processor Instance ps7_cortexa9_0 doesn't exist in Xml/HwDb
19:46:49 INFO  : Processor reset is completed for microblaze_0
19:50:48 INFO  : microblaze_0 Processor is in use. Please stop existing Run or Debug sessions before launching.
19:51:01 INFO  : Processor reset is completed for microblaze_0
19:51:22 INFO  : Processor reset is completed for microblaze_0
19:51:46 INFO  : Processor reset is completed for microblaze_0
19:51:57 INFO  : Processor reset is completed for microblaze_0
19:52:26 INFO  : microblaze_0 Processor is in use. Please stop existing Run or Debug sessions before launching.
19:52:29 INFO  : Processor reset is completed for microblaze_0
19:52:43 INFO  : Processor reset is completed for microblaze_0
19:54:16 INFO  : microblaze_0 Processor is in use. Please stop existing Run or Debug sessions before launching.
19:54:18 INFO  : Processor reset is completed for microblaze_0
19:55:03 INFO  : microblaze_0 Processor is in use. Please stop existing Run or Debug sessions before launching.
19:55:39 INFO  : FPGA Cable Disconnected. All active launches will be terminated.
19:55:59 INFO  : Connected to target on host '127.0.0.1' and port '3121'.
19:55:59 INFO  : 'targets -set -filter {jtag_cable_name =~ "Digilent Zybo Z7 210351A780C4A" && level==0} -index 1' command is executed.
19:56:00 INFO  : FPGA configured successfully with bitstream "/home/clvrpny/ecen449/lab02/lab02.sdk/led_sw_wrapper_hw_platform_0/download.bit"
19:56:05 INFO  : Time out for XMD transaction is 60000
If you want to increase the timeout value, goto Windows-> Preferences -> Xilinx SDK -> XMD Startup
19:56:05 ERROR : Timeout occured while waiting to get reply for command "xreset 0 0x80"
19:56:05 ERROR : Unexpected error while launching program.
java.lang.RuntimeException: 
	at com.xilinx.sdk.targetmanager.internal.TM.doProcessorReset(TM.java:995)
	at com.xilinx.sdk.debug.core.XilinxAppLaunchConfigurationDelegate.runTargetSetup(XilinxAppLaunchConfigurationDelegate.java:506)
	at com.xilinx.sdk.debug.core.XilinxAppLaunchConfigurationDelegate.runApplication(XilinxAppLaunchConfigurationDelegate.java:588)
	at com.xilinx.sdk.debug.core.XilinxAppLaunchConfigurationDelegate.launch(XilinxAppLaunchConfigurationDelegate.java:296)
	at com.xilinx.sdk.debug.ui.XilinxAppLaunchDelegateWrapper.launch(XilinxAppLaunchDelegateWrapper.java:31)
	at org.eclipse.debug.internal.core.LaunchConfiguration.launch(LaunchConfiguration.java:858)
	at org.eclipse.debug.internal.core.LaunchConfiguration.launch(LaunchConfiguration.java:707)
	at org.eclipse.debug.internal.ui.DebugUIPlugin.buildAndLaunch(DebugUIPlugin.java:1018)
	at org.eclipse.debug.internal.ui.DebugUIPlugin$8.run(DebugUIPlugin.java:1222)
	at org.eclipse.core.internal.jobs.Worker.run(Worker.java:53)
19:56:09 INFO  : Processor reset is completed for microblaze_0
19:57:25 ERROR : Unexpected error while parsing XMD response ￿: com.google.gson.JsonSyntaxException: com.google.gson.stream.MalformedJsonException: invalid number or unquoted string near 
20:04:03 INFO  : Launching XSDB server: xsdb -n -s /home/clvrpny/xilinx/SDK/2015.2/scripts/xsdb/xsdb/xsdb-server.tcl
20:04:04 INFO  : XSDB server has started successfully.
20:04:05 INFO  : Processing command line option -hwspec /home/clvrpny/ecen449/lab02/lab02.sdk/led_sw_wrapper.hdf.
20:04:06 INFO  : Checking for hwspec changes in the project led_sw_wrapper_hw_platform_0.
20:04:06 INFO  : SDK has detected change in the last modified timestamps for source hardware specification file Source:1580781827000,  Project:1580780747000
20:04:06 INFO  : The hardware specification for project 'led_sw_wrapper_hw_platform_0' is different from /home/clvrpny/ecen449/lab02/lab02.sdk/led_sw_wrapper.hdf.
20:04:07 INFO  : Copied contents of /home/clvrpny/ecen449/lab02/lab02.sdk/led_sw_wrapper.hdf into /led_sw_wrapper_hw_platform_0/system.hdf.
20:04:07 INFO  : Synchronizing projects in the workspace with the hardware platform specification changes.
20:04:08 INFO  : 
20:04:09 INFO  : 
20:04:11 INFO  : Updating hardware inferred compiler options for part2.
20:04:11 INFO  : Clearing existing target manager status.
20:04:28 INFO  : Connected to target on host '127.0.0.1' and port '3121'.
20:04:28 INFO  : 'targets -set -filter {jtag_cable_name =~ "Digilent Zybo Z7 210351A780C4A" && level==0} -index 1' command is executed.
20:04:29 INFO  : FPGA configured successfully with bitstream "/home/clvrpny/ecen449/lab02/lab02.sdk/led_sw_wrapper_hw_platform_0/download.bit"
20:04:32 ERROR :  [Hsi 55-1546] Processor Instance ps7_cortexa9_0 doesn't exist in Xml/HwDb
20:04:33 INFO  : Processor reset is completed for microblaze_0
20:05:33 INFO  : Processor reset is completed for microblaze_0
20:06:26 INFO  : Processor reset is completed for microblaze_0
20:07:16 INFO  : microblaze_0 Processor is in use. Please stop existing Run or Debug sessions before launching.
20:07:22 INFO  : microblaze_0 Processor is in use. Please stop existing Run or Debug sessions before launching.
20:07:23 INFO  : Processor reset is completed for microblaze_0
20:08:03 INFO  : Processor reset is completed for microblaze_0
20:08:23 INFO  : Time out for XMD transaction is 60000
If you want to increase the timeout value, goto Windows-> Preferences -> Xilinx SDK -> XMD Startup
20:08:23 ERROR : Timeout occured while waiting to get reply for command "close_terminal"
20:08:23 ERROR : Error while closing JTAG UART server: 
20:18:44 INFO  : FPGA Cable Disconnected. All active launches will be terminated.
20:21:08 ERROR : Unexpected error while parsing XMD response ￿: com.google.gson.JsonSyntaxException: com.google.gson.stream.MalformedJsonException: invalid number or unquoted string near 
